2021-11-08 23:42:50,283 INFO o.a.j.u.JMeterUtils: Setting Locale to en_EN
2021-11-08 23:42:50,341 INFO o.a.j.JMeter: Loading user properties from: F:\TM\JMeter\apache-jmeter-5.2.1\apache-jmeter-5.2.1\bin\user.properties
2021-11-08 23:42:50,363 INFO o.a.j.JMeter: Loading system properties from: F:\TM\JMeter\apache-jmeter-5.2.1\apache-jmeter-5.2.1\bin\system.properties
2021-11-08 23:42:50,376 INFO o.a.j.JMeter: Copyright (c) 1998-2019 The Apache Software Foundation
2021-11-08 23:42:50,376 INFO o.a.j.JMeter: Version 5.2.1
2021-11-08 23:42:50,376 INFO o.a.j.JMeter: java.version=1.8.0_101
2021-11-08 23:42:50,376 INFO o.a.j.JMeter: java.vm.name=Java HotSpot(TM) 64-Bit Server VM
2021-11-08 23:42:50,377 INFO o.a.j.JMeter: os.name=Windows 10
2021-11-08 23:42:50,377 INFO o.a.j.JMeter: os.arch=amd64
2021-11-08 23:42:50,377 INFO o.a.j.JMeter: os.version=10.0
2021-11-08 23:42:50,377 INFO o.a.j.JMeter: file.encoding=Cp1252
2021-11-08 23:42:50,377 INFO o.a.j.JMeter: java.awt.headless=true
2021-11-08 23:42:50,378 INFO o.a.j.JMeter: Max memory     =1073741824
2021-11-08 23:42:50,378 INFO o.a.j.JMeter: Available Processors =4
2021-11-08 23:42:50,426 INFO o.a.j.JMeter: Default Locale=English (EN)
2021-11-08 23:42:50,427 INFO o.a.j.JMeter: JMeter  Locale=English (EN)
2021-11-08 23:42:50,427 INFO o.a.j.JMeter: JMeterHome=F:\TM\JMeter\apache-jmeter-5.2.1\apache-jmeter-5.2.1
2021-11-08 23:42:50,427 INFO o.a.j.JMeter: user.dir  =F:\TM\JMeter\github-repos\jmetert-testplan1\jmetersrc
2021-11-08 23:42:50,427 INFO o.a.j.JMeter: PWD       =F:\TM\JMeter\github-repos\jmetert-testplan1\jmetersrc
2021-11-08 23:42:50,433 INFO o.a.j.JMeter: IP: 192.168.1.2 Name: DESKTOP-NL4MRPP FullName: DESKTOP-NL4MRPP
2021-11-08 23:42:50,433 INFO o.a.j.JMeter: Set proxy Host: 127.0.0.1, Port: 8000, Scheme: Not set
2021-11-08 23:42:50,439 INFO o.a.j.s.FileServer: Default base='F:\TM\JMeter\github-repos\jmetert-testplan1\jmetersrc'
2021-11-08 23:42:50,485 INFO o.a.j.s.FileServer: Set new base='F:\TM\JMeter\github-repos\jmetert-testplan1\jmetersrc'
2021-11-08 23:42:50,905 INFO o.a.j.s.SaveService: Testplan (JMX) version: 2.2. Testlog (JTL) version: 2.2
2021-11-08 23:42:50,999 INFO o.a.j.s.SaveService: Using SaveService properties file encoding UTF-8
2021-11-08 23:42:51,011 INFO o.a.j.s.SaveService: Using SaveService properties version 5.0
2021-11-08 23:42:51,021 INFO o.a.j.s.SaveService: Loading file: Test_Plan7.jmx
2021-11-08 23:42:51,236 INFO o.a.j.p.h.s.HTTPSamplerBase: Parser for text/html is org.apache.jmeter.protocol.http.parser.LagartoBasedHtmlParser
2021-11-08 23:42:51,237 INFO o.a.j.p.h.s.HTTPSamplerBase: Parser for application/xhtml+xml is org.apache.jmeter.protocol.http.parser.LagartoBasedHtmlParser
2021-11-08 23:42:51,237 INFO o.a.j.p.h.s.HTTPSamplerBase: Parser for application/xml is org.apache.jmeter.protocol.http.parser.LagartoBasedHtmlParser
2021-11-08 23:42:51,237 INFO o.a.j.p.h.s.HTTPSamplerBase: Parser for text/xml is org.apache.jmeter.protocol.http.parser.LagartoBasedHtmlParser
2021-11-08 23:42:51,237 INFO o.a.j.p.h.s.HTTPSamplerBase: Parser for text/vnd.wap.wml is org.apache.jmeter.protocol.http.parser.RegexpHTMLParser
2021-11-08 23:42:51,237 INFO o.a.j.p.h.s.HTTPSamplerBase: Parser for text/css is org.apache.jmeter.protocol.http.parser.CssParser
2021-11-08 23:42:51,343 INFO o.a.j.JMeter: Creating summariser <summary>
2021-11-08 23:42:51,351 INFO o.a.j.e.StandardJMeterEngine: Running the test!
2021-11-08 23:42:51,352 INFO o.a.j.s.SampleEvent: List of sample_variables: []
2021-11-08 23:42:51,352 INFO o.a.j.s.SampleEvent: List of sample_variables: []
2021-11-08 23:42:51,360 INFO o.a.j.e.u.CompoundVariable: Note: Function class names must contain the string: '.functions.'
2021-11-08 23:42:51,360 INFO o.a.j.e.u.CompoundVariable: Note: Function class names must not contain the string: '.gui.'
2021-11-08 23:42:52,011 INFO o.a.j.JMeter: Running test (1636395172011)
2021-11-08 23:42:52,045 INFO o.a.j.e.StandardJMeterEngine: Starting ThreadGroup: 1 : Thread Group
2021-11-08 23:42:52,045 INFO o.a.j.e.StandardJMeterEngine: Starting 10 threads for group Thread Group.
2021-11-08 23:42:52,046 INFO o.a.j.e.StandardJMeterEngine: Thread will continue on error
2021-11-08 23:42:52,046 INFO o.a.j.t.ThreadGroup: Starting thread group... number=1 threads=10 ramp-up=10 delayedStart=false
2021-11-08 23:42:52,080 INFO o.a.j.t.ThreadGroup: Started thread group number 1
2021-11-08 23:42:52,080 INFO o.a.j.e.StandardJMeterEngine: All thread groups have been started
2021-11-08 23:42:52,080 INFO o.a.j.t.JMeterThread: Thread started: Thread Group 1-1
2021-11-08 23:42:52,113 INFO o.a.j.p.h.s.HTTPHCAbstractImpl: Local host = DESKTOP-NL4MRPP
2021-11-08 23:42:52,121 INFO o.a.j.p.h.s.HTTPHC4Impl: HTTP request retry count = 0
2021-11-08 23:42:52,123 INFO o.a.j.s.SampleResult: Note: Sample TimeStamps are START times
2021-11-08 23:42:52,123 INFO o.a.j.s.SampleResult: sampleresult.default.encoding is set to ISO-8859-1
2021-11-08 23:42:52,123 INFO o.a.j.s.SampleResult: sampleresult.useNanoTime=true
2021-11-08 23:42:52,123 INFO o.a.j.s.SampleResult: sampleresult.nanoThreadSleep=5000
2021-11-08 23:42:53,058 INFO o.a.j.t.JMeterThread: Thread started: Thread Group 1-2
2021-11-08 23:42:54,057 INFO o.a.j.t.JMeterThread: Thread started: Thread Group 1-3
2021-11-08 23:42:54,351 INFO o.a.j.t.JMeterThread: Thread is done: Thread Group 1-1
2021-11-08 23:42:54,352 INFO o.a.j.t.JMeterThread: Thread finished: Thread Group 1-1
2021-11-08 23:42:55,056 INFO o.a.j.t.JMeterThread: Thread started: Thread Group 1-4
2021-11-08 23:42:55,067 INFO o.a.j.t.JMeterThread: Thread is done: Thread Group 1-2
2021-11-08 23:42:55,068 INFO o.a.j.t.JMeterThread: Thread finished: Thread Group 1-2
2021-11-08 23:42:56,057 INFO o.a.j.t.JMeterThread: Thread started: Thread Group 1-5
2021-11-08 23:42:56,064 INFO o.a.j.t.JMeterThread: Thread is done: Thread Group 1-3
2021-11-08 23:42:56,065 INFO o.a.j.t.JMeterThread: Thread finished: Thread Group 1-3
2021-11-08 23:42:57,056 INFO o.a.j.t.JMeterThread: Thread started: Thread Group 1-6
2021-11-08 23:42:57,067 INFO o.a.j.t.JMeterThread: Thread is done: Thread Group 1-4
2021-11-08 23:42:57,068 INFO o.a.j.t.JMeterThread: Thread finished: Thread Group 1-4
2021-11-08 23:42:58,055 INFO o.a.j.t.JMeterThread: Thread started: Thread Group 1-7
2021-11-08 23:42:58,064 INFO o.a.j.t.JMeterThread: Thread is done: Thread Group 1-5
2021-11-08 23:42:58,065 INFO o.a.j.t.JMeterThread: Thread finished: Thread Group 1-5
2021-11-08 23:42:59,055 INFO o.a.j.t.JMeterThread: Thread started: Thread Group 1-8
2021-11-08 23:42:59,067 INFO o.a.j.t.JMeterThread: Thread is done: Thread Group 1-6
2021-11-08 23:42:59,067 INFO o.a.j.t.JMeterThread: Thread finished: Thread Group 1-6
2021-11-08 23:43:00,053 INFO o.a.j.t.JMeterThread: Thread started: Thread Group 1-9
2021-11-08 23:43:00,062 INFO o.a.j.r.Summariser: summary +      7 in 00:00:08 =    0.9/s Avg:  2013 Min:  2002 Max:  2073 Err:     7 (100.00%) Active: 3 Started: 9 Finished: 6
2021-11-08 23:43:00,063 INFO o.a.j.t.JMeterThread: Thread is done: Thread Group 1-7
2021-11-08 23:43:00,063 INFO o.a.j.t.JMeterThread: Thread finished: Thread Group 1-7
2021-11-08 23:43:01,053 INFO o.a.j.t.JMeterThread: Thread started: Thread Group 1-10
2021-11-08 23:43:01,065 INFO o.a.j.t.JMeterThread: Thread is done: Thread Group 1-8
2021-11-08 23:43:01,065 INFO o.a.j.t.JMeterThread: Thread finished: Thread Group 1-8
2021-11-08 23:43:02,060 INFO o.a.j.t.JMeterThread: Thread is done: Thread Group 1-9
2021-11-08 23:43:02,060 INFO o.a.j.t.JMeterThread: Thread finished: Thread Group 1-9
2021-11-08 23:43:03,060 INFO o.a.j.t.JMeterThread: Thread is done: Thread Group 1-10
2021-11-08 23:43:03,060 INFO o.a.j.t.JMeterThread: Thread finished: Thread Group 1-10
2021-11-08 23:43:03,060 INFO o.a.j.e.StandardJMeterEngine: Notifying test listeners of end of test
2021-11-08 23:43:03,061 INFO o.a.j.r.Summariser: summary +      3 in 00:00:03 =    1.0/s Avg:  2004 Min:  2004 Max:  2006 Err:     3 (100.00%) Active: 0 Started: 10 Finished: 10
2021-11-08 23:43:03,063 INFO o.a.j.r.Summariser: summary =     10 in 00:00:11 =    0.9/s Avg:  2010 Min:  2002 Max:  2073 Err:    10 (100.00%)
